<?xml version="1.0" encoding="UTF-8"?>
<!-- Generated by org.testng.reporters.JUnitReportReporter -->
<testsuite skipped="0" hostname="DESKTOP-IEF4B25" name="qaclickacademy.seleniumTest" tests="2" failures="0" timestamp="2021-10-13T10:44:32 IST" time="0.001" errors="0">
  <testcase name="BrowserAuto" time="0.000" classname="qaclickacademy.seleniumTest"/>
  <system-out/>
  <testcase name="ElementUi" time="0.001" classname="qaclickacademy.seleniumTest"/>
  <system-out/>
</testsuite> <!-- qaclickacademy.seleniumTest -->
