<?xml version="1.0" encoding="UTF-8"?>
<!-- Generated by org.testng.reporters.JUnitReportReporter -->
<testsuite skipped="0" hostname="DESKTOP-IEF4B25" name="qaclickacademy.AppiumTest" tests="2" failures="0" timestamp="2021-10-13T10:44:32 IST" time="0.010" errors="0">
  <testcase name="heit" time="0.001" classname="qaclickacademy.AppiumTest"/>
  <system-out/>
  <testcase name="Nativandroid" time="0.009" classname="qaclickacademy.AppiumTest"/>
  <system-out/>
</testsuite> <!-- qaclickacademy.AppiumTest -->
