<?xml version="1.0" encoding="UTF-8"?>
<!-- Generated by org.testng.reporters.JUnitReportReporter -->
<testsuite skipped="0" hostname="DESKTOP-IEF4B25" name="qaclickacademy.RESAPITest" tests="2" failures="0" timestamp="2021-10-13T10:44:32 IST" time="0.002" errors="0">
  <testcase name="deleteTwitter" time="0.001" classname="qaclickacademy.RESAPITest"/>
  <system-out/>
  <testcase name="postJia" time="0.001" classname="qaclickacademy.RESAPITest"/>
  <system-out/>
</testsuite> <!-- qaclickacademy.RESAPITest -->
